[debug] [2023-06-24T16:08:52.057Z] ----------------------------------------------------------------------
[debug] [2023-06-24T16:08:52.078Z] Command:       /data/data/com.termux/files/usr/bin/node /data/data/com.termux/files/usr/bin/firebase deploy
[debug] [2023-06-24T16:08:52.081Z] CLI Version:   12.3.0
[debug] [2023-06-24T16:08:52.084Z] Platform:      android
[debug] [2023-06-24T16:08:52.086Z] Node Version:  v18.12.1
[debug] [2023-06-24T16:08:52.090Z] Time:          Sat Jun 24 2023 22:08:52 GMT+0600 (Bangladesh Standard Time)
[debug] [2023-06-24T16:08:52.091Z] ----------------------------------------------------------------------
[debug] 
[debug] [2023-06-24T16:08:52.718Z] > command requires scopes: ["email","openid","https://www.googleapis.com/auth/cloudplatformprojects.readonly","https://www.googleapis.com/auth/firebase","https://www.googleapis.com/auth/cloud-platform"]
[debug] [2023-06-24T16:08:52.722Z] > authorizing via signed-in user (jubayer20212022@gmail.com)
[debug] [2023-06-24T16:08:52.723Z] [iam] checking project brilliant-conv for permissions ["firebase.projects.get","firebasedatabase.instances.update","firebasehosting.sites.update"]
[debug] [2023-06-24T16:08:52.743Z] >>> [apiv2][query] POST https://cloudresourcemanager.googleapis.com/v1/projects/brilliant-conv:testIamPermissions [none]
[debug] [2023-06-24T16:08:52.744Z] >>> [apiv2][(partial)header] POST https://cloudresourcemanager.googleapis.com/v1/projects/brilliant-conv:testIamPermissions x-goog-quota-user=projects/brilliant-conv
[debug] [2023-06-24T16:08:52.747Z] >>> [apiv2][body] POST https://cloudresourcemanager.googleapis.com/v1/projects/brilliant-conv:testIamPermissions {"permissions":["firebase.projects.get","firebasedatabase.instances.update","firebasehosting.sites.update"]}
[debug] [2023-06-24T16:08:54.888Z] <<< [apiv2][status] POST https://cloudresourcemanager.googleapis.com/v1/projects/brilliant-conv:testIamPermissions 200
[debug] [2023-06-24T16:08:54.890Z] <<< [apiv2][body] POST https://cloudresourcemanager.googleapis.com/v1/projects/brilliant-conv:testIamPermissions {"permissions":["firebase.projects.get","firebasedatabase.instances.update","firebasehosting.sites.update"]}
[debug] [2023-06-24T16:08:54.899Z] >>> [apiv2][query] GET https://firebase.googleapis.com/v1beta1/projects/brilliant-conv [none]
[debug] [2023-06-24T16:08:55.804Z] <<< [apiv2][status] GET https://firebase.googleapis.com/v1beta1/projects/brilliant-conv 200
[debug] [2023-06-24T16:08:55.805Z] <<< [apiv2][body] GET https://firebase.googleapis.com/v1beta1/projects/brilliant-conv {"projectId":"brilliant-conv","projectNumber":"647074042906","displayName":"brilliant-conv","name":"projects/brilliant-conv","resources":{"hostingSite":"brilliant-conv","realtimeDatabaseInstance":"brilliant-conv-default-rtdb"},"state":"ACTIVE","etag":"1_0b0c7884-c359-41ee-8579-8ff3ee26b907"}
[debug] [2023-06-24T16:08:55.810Z] >>> [apiv2][query] GET https://firebase.googleapis.com/v1beta1/projects/brilliant-conv [none]
[debug] [2023-06-24T16:09:25.821Z] Timeout reached making request to https://firebase.googleapis.com/v1beta1/projects/brilliant-conv
[debug] [2023-06-24T16:09:26.383Z] FirebaseError: Timeout reached making request to https://firebase.googleapis.com/v1beta1/projects/brilliant-conv
    at RetryOperation._fn (/data/data/com.termux/files/usr/lib/node_modules/firebase-tools/lib/apiv2.js:238:35)
    at process.processTicksAndRejections (node:internal/process/task_queues:95:5)
[error] 
[error] Error: Failed to get Firebase project brilliant-conv. Please make sure the project exists and your account has permission to access it.
